15-05-31 19:18:08 sql=[select * from categories where id = 55]
15-05-31 19:18:08 sql=[update categories set pos= pos + 1 where pid = 52 and id != 55 and (pos >= 0 and pos < 2)]
15-05-31 19:18:08 sql=[update categories set pid= '52', pos= '0'  where id = 55]
15-05-31 19:18:30 sql=[select * from categories order by pos asc]
15-05-31 19:18:39 sql=[select * from categories where id = 54]
15-05-31 19:18:39 sql=[update categories set pos= pos + 1 where pid = 52 and id != 54 and (pos >= 1 and pos < 2)]
15-05-31 19:18:39 sql=[update categories set pid= '52', pos= '1'  where id = 54]
15-05-31 19:18:41 sql=[select * from categories order by pos asc]
15-05-31 19:18:47 sql=[insert into categories(name,pid,pos) values('New node','52','3')]
15-05-31 19:18:50 sql=[update categories set name= 'ok14' where id = 56]
15-05-31 19:18:53 sql=[insert into categories(name,pid,pos) values('New node','52','4')]
15-05-31 19:18:54 sql=[update categories set name= 'ok15' where id = 57]
15-05-31 19:19:56 sql=[select * from categories order by pos asc]
15-05-31 19:20:03 sql=[select * from categories where id = 57]
15-05-31 19:20:03 sql=[update categories set pos= pos + 1 where pid = 52 and id != 57 and (pos >= 2 and pos < 4)]
15-05-31 19:20:03 sql=[update categories set pid= '52', pos= '2'  where id = 57]
15-05-31 19:20:04 sql=[select * from categories order by pos asc]
15-05-31 19:20:11 sql=[select * from categories where id = 53]
15-05-31 19:20:11 sql=[update categories set pos= pos + 1 where pid = 52 and id != 53 and (pos >= 0 and pos < 3)]
15-05-31 19:20:11 sql=[update categories set pid= '52', pos= '0'  where id = 53]
15-05-31 19:20:13 sql=[select * from categories order by pos asc]
15-05-31 19:20:40 sql=[select * from categories order by pos asc]
15-05-31 19:20:49 sql=[select * from categories where id = 56]
15-05-31 19:20:49 sql=[update categories set pos= pos + 1 where pid = 51 and id != 56 and (pos >= 0 and pos < 4)]
15-05-31 19:20:49 sql=[update categories set pid= '51', pos= '0'  where id = 56]
15-05-31 19:21:03 sql=[select * from categories where id = 57]
15-05-31 19:21:03 sql=[update categories set pos= pos + 1 where pid = 51 and id != 57 and (pos >= 0 and pos < 3)]
15-05-31 19:21:03 sql=[update categories set pid= '51', pos= '0'  where id = 57]
15-05-31 19:21:03 sql=[select * from categories order by pos asc]
15-05-31 19:26:13 sql=[select * from categories order by pos asc]
15-05-31 19:26:32 sql=[select * from categories where id = 55]
15-05-31 19:26:32 sql=[update categories set pos= pos + 1 where pid = 51 and id != 55 and pos >= 1]
15-05-31 19:26:32 sql=[update categories set pid= '51', pos= '1'  where id = 55]
15-05-31 19:26:36 sql=[select * from categories order by pos asc]
15-05-31 19:27:12 sql=[select * from categories where id = 52]
15-05-31 19:27:12 sql=[update categories set pos= pos + 1 where pid = 51 and id != 52 and pos >= 3]
15-05-31 19:27:12 sql=[update categories set pid= '51', pos= '3'  where id = 52]
15-05-31 19:27:14 sql=[select * from categories order by pos asc]
15-05-31 19:27:22 sql=[select * from categories where id = 52]
15-05-31 19:27:22 sql=[update categories set pos= pos + 1 where pid = 51 and id != 52 and (pos >= 2 and pos < 3)]
15-05-31 19:27:22 sql=[update categories set pid= '51', pos= '2'  where id = 52]
15-05-31 19:27:23 sql=[select * from categories order by pos asc]
15-05-31 19:27:31 sql=[select * from categories where id = 54]
15-05-31 19:27:31 sql=[update categories set pos= pos + 1 where pid = 52 and id != 54 and (pos >= 0 and pos < 2)]
15-05-31 19:27:31 sql=[update categories set pid= '52', pos= '0'  where id = 54]
15-05-31 19:27:31 sql=[select * from categories order by pos asc]
15-05-31 19:27:36 sql=[select * from categories where id = 53]
15-05-31 19:27:36 sql=[update categories set pos= pos + 1 where pid = 52 and id != 53 and (pos >= 0 and pos < 1)]
15-05-31 19:27:36 sql=[update categories set pid= '52', pos= '0'  where id = 53]
15-05-31 19:27:37 sql=[select * from categories order by pos asc]
15-05-31 19:27:45 sql=[select * from categories where id = 53]
15-05-31 19:27:45 sql=[update categories set pos= pos + 1 where pid = 51 and id != 53 and pos >= 2]
15-05-31 19:27:45 sql=[update categories set pid= '51', pos= '2'  where id = 53]
15-05-31 19:27:47 sql=[select * from categories order by pos asc]
